<?xml version="1.0" encoding="UTF-8"?>
<testng-results skipped="0" failed="0" ignored="0" total="1" passed="1">
  <reporter-output>
  </reporter-output>
  <suite name="Default suite" duration-ms="8110" started-at="2018-09-24T12:21:17Z" finished-at="2018-09-24T12:21:25Z">
    <groups>
    </groups>
    <test name="Default test" duration-ms="8110" started-at="2018-09-24T12:21:17Z" finished-at="2018-09-24T12:21:25Z">
      <class name="Pages.Login">
        <test-method status="PASS" signature="openBrowser()[pri:0, instance:Pages.Login@204f30ec]" name="openBrowser" is-config="true" duration-ms="4174" started-at="2018-09-24T12:21:17Z" finished-at="2018-09-24T12:21:21Z">
          <reporter-output>
          </reporter-output>
        </test-method> <!-- openBrowser -->
        <test-method status="PASS" signature="login1()[pri:0, instance:Pages.Login@204f30ec]" name="login1" duration-ms="3224" started-at="2018-09-24T12:21:21Z" finished-at="2018-09-24T12:21:24Z">
          <reporter-output>
          </reporter-output>
        </test-method> <!-- login1 -->
        <test-method status="PASS" signature="closeBrowser()[pri:0, instance:Pages.Login@204f30ec]" name="closeBrowser" is-config="true" duration-ms="690" started-at="2018-09-24T12:21:24Z" finished-at="2018-09-24T12:21:25Z">
          <reporter-output>
          </reporter-output>
        </test-method> <!-- closeBrowser -->
      </class> <!-- Pages.Login -->
    </test> <!-- Default test -->
  </suite> <!-- Default suite -->
</testng-results>
